<?xml version="1.0" encoding="UTF-8"?>
<testng-results ignored="0" total="3" passed="3" failed="0" skipped="0">
  <reporter-output>
  </reporter-output>
  <suite started-at="2025-01-25T19:10:40 IST" name="Playwright101Certification" finished-at="2025-01-25T19:11:49 IST" duration-ms="69622">
    <groups>
    </groups>
    <test started-at="2025-01-25T19:10:40 IST" name="Testing on Chrome" finished-at="2025-01-25T19:11:00 IST" duration-ms="20737">
      <class name="test.java.Testcases.TestScenario1">
        <test-method signature="TestCase1(java.lang.String,java.lang.String,java.lang.String)[pri:0, instance:test.java.Testcases.TestScenario1@53ce1329]" started-at="2025-01-25T19:10:40 IST" name="TestCase1" finished-at="2025-01-25T19:11:00 IST" duration-ms="20675" status="PASS">
          <params>
            <param index="0">
              <value>
                <![CDATA[Chrome]]>
              </value>
            </param>
            <param index="1">
              <value>
                <![CDATA[Windows 10]]>
              </value>
            </param>
            <param index="2">
              <value>
                <![CDATA[latest]]>
              </value>
            </param>
          </params>
          <reporter-output>
          </reporter-output>
        </test-method> <!-- TestCase1 -->
      </class> <!-- test.java.Testcases.TestScenario1 -->
    </test> <!-- Testing on Chrome -->
    <test started-at="2025-01-25T19:10:40 IST" name="Testing on Edge" finished-at="2025-01-25T19:11:49 IST" duration-ms="69008">
      <class name="test.java.Testcases.TestScenario3">
        <test-method signature="TestCase3(java.lang.String,java.lang.String,java.lang.String)[pri:0, instance:test.java.Testcases.TestScenario3@d86a6f]" started-at="2025-01-25T19:10:40 IST" name="TestCase3" finished-at="2025-01-25T19:11:49 IST" duration-ms="68950" status="PASS">
          <params>
            <param index="0">
              <value>
                <![CDATA[MicrosoftEdge]]>
              </value>
            </param>
            <param index="1">
              <value>
                <![CDATA[macOS Catalina]]>
              </value>
            </param>
            <param index="2">
              <value>
                <![CDATA[latest]]>
              </value>
            </param>
          </params>
          <reporter-output>
          </reporter-output>
        </test-method> <!-- TestCase3 -->
      </class> <!-- test.java.Testcases.TestScenario3 -->
    </test> <!-- Testing on Edge -->
    <test started-at="2025-01-25T19:10:40 IST" name="Testing on Firefox" finished-at="2025-01-25T19:11:49 IST" duration-ms="69621">
      <class name="test.java.Testcases.TestScenario2">
        <test-method signature="TestCase2(java.lang.String,java.lang.String,java.lang.String)[pri:0, instance:test.java.Testcases.TestScenario2@738dc9b]" started-at="2025-01-25T19:10:40 IST" name="TestCase2" finished-at="2025-01-25T19:11:49 IST" duration-ms="69563" status="PASS">
          <params>
            <param index="0">
              <value>
                <![CDATA[pw-firefox]]>
              </value>
            </param>
            <param index="1">
              <value>
                <![CDATA[Windows 10]]>
              </value>
            </param>
            <param index="2">
              <value>
                <![CDATA[latest]]>
              </value>
            </param>
          </params>
          <reporter-output>
          </reporter-output>
        </test-method> <!-- TestCase2 -->
      </class> <!-- test.java.Testcases.TestScenario2 -->
    </test> <!-- Testing on Firefox -->
  </suite> <!-- Playwright101Certification -->
</testng-results>
